[INFO] Scanning for projects...
[WARNING] 
[WARNING] Some problems were encountered while building the effective model for com.example:practica:jar:0.0.1-SNAPSHOT
[WARNING] 'dependencyManagement.dependencies.dependency.exclusions.exclusion.artifactId' for org.quartz-scheduler:quartz:jar with value '*' does not match a valid id pattern. @ org.springframework.boot:spring-boot-dependencies:2.2.0.RELEASE, /root/.m2/repository/org/springframework/boot/spring-boot-dependencies/2.2.0.RELEASE/spring-boot-dependencies-2.2.0.RELEASE.pom, line 2753, column 25
[WARNING] 
[WARNING] It is highly recommended to fix these problems because they threaten the stability of your build.
[WARNING] 
[WARNING] For this reason, future Maven versions might no longer support building such malformed projects.
[WARNING] 
[INFO]                                                                         
[INFO] ------------------------------------------------------------------------
[INFO] Building practica 0.0.1-SNAPSHOT
[INFO] ------------------------------------------------------------------------
[INFO] 
[INFO] >>> spring-boot-maven-plugin:2.2.0.RELEASE:run (default-cli) @ practica >>>
[INFO] 
[INFO] --- maven-resources-plugin:3.1.0:resources (default-resources) @ practica ---
[INFO] Using 'UTF-8' encoding to copy filtered resources.
[INFO] Copying 1 resource
[INFO] Copying 290 resources
[INFO] 
[INFO] --- maven-compiler-plugin:3.8.1:compile (default-compile) @ practica ---
[INFO] Nothing to compile - all classes are up to date
[INFO] 
[INFO] --- maven-resources-plugin:3.1.0:testResources (default-testResources) @ practica ---
[INFO] Using 'UTF-8' encoding to copy filtered resources.
[INFO] skip non existing resourceDirectory /var/www/html/practica/practica/src/test/resources
[INFO] 
[INFO] --- maven-compiler-plugin:3.8.1:testCompile (default-testCompile) @ practica ---
[INFO] Nothing to compile - all classes are up to date
[INFO] 
[INFO] <<< spring-boot-maven-plugin:2.2.0.RELEASE:run (default-cli) @ practica <<<
[INFO] 
[INFO] --- spring-boot-maven-plugin:2.2.0.RELEASE:run (default-cli) @ practica ---
[INFO] Attaching agents: []

  .   ____          _            __ _ _
 /\\ / ___'_ __ _ _(_)_ __  __ _ \ \ \ \
( ( )\___ | '_ | '_| | '_ \/ _` | \ \ \ \
 \\/  ___)| |_)| | | | | || (_| |  ) ) ) )
  '  |____| .__|_| |_|_| |_\__, | / / / /
 =========|_|==============|___/=/_/_/_/
 :: Spring Boot ::        (v2.2.0.RELEASE)

2020-01-17 14:29:48.870  INFO 29151 --- [           main] practica.PracticaApplication             : Starting PracticaApplication on netapr.internal.deva-os.vps.guru with PID 29151 (/var/www/html/practica/practica/target/classes started by root in /var/www/html/practica/practica)
2020-01-17 14:29:48.874  INFO 29151 --- [           main] practica.PracticaApplication             : No active profile set, falling back to default profiles: default
[INFO] ------------------------------------------------------------------------
[INFO] BUILD SUCCESS
[INFO] ------------------------------------------------------------------------
[INFO] Total time: 8.125s
[INFO] Finished at: Fri Jan 17 14:29:50 UTC 2020
[INFO] Final Memory: 20M/48M
[INFO] ------------------------------------------------------------------------
[INFO] Scanning for projects...
[WARNING] 
[WARNING] Some problems were encountered while building the effective model for com.example:practica:jar:0.0.1-SNAPSHOT
[WARNING] 'dependencyManagement.dependencies.dependency.exclusions.exclusion.artifactId' for org.quartz-scheduler:quartz:jar with value '*' does not match a valid id pattern. @ org.springframework.boot:spring-boot-dependencies:2.2.0.RELEASE, /root/.m2/repository/org/springframework/boot/spring-boot-dependencies/2.2.0.RELEASE/spring-boot-dependencies-2.2.0.RELEASE.pom, line 2753, column 25
[WARNING] 
[WARNING] It is highly recommended to fix these problems because they threaten the stability of your build.
[WARNING] 
[WARNING] For this reason, future Maven versions might no longer support building such malformed projects.
[WARNING] 
[INFO]                                                                         
[INFO] ------------------------------------------------------------------------
[INFO] Building practica 0.0.1-SNAPSHOT
[INFO] ------------------------------------------------------------------------
[INFO] 
[INFO] >>> spring-boot-maven-plugin:2.2.0.RELEASE:run (default-cli) @ practica >>>
[INFO] 
[INFO] --- maven-resources-plugin:3.1.0:resources (default-resources) @ practica ---
[INFO] Using 'UTF-8' encoding to copy filtered resources.
[INFO] Copying 1 resource
[INFO] Copying 290 resources
[INFO] 
[INFO] --- maven-compiler-plugin:3.8.1:compile (default-compile) @ practica ---
[INFO] Nothing to compile - all classes are up to date
[INFO] 
[INFO] --- maven-resources-plugin:3.1.0:testResources (default-testResources) @ practica ---
[INFO] Using 'UTF-8' encoding to copy filtered resources.
[INFO] skip non existing resourceDirectory /var/www/html/practica/practica/src/test/resources
[INFO] 
[INFO] --- maven-compiler-plugin:3.8.1:testCompile (default-testCompile) @ practica ---
[INFO] Nothing to compile - all classes are up to date
[INFO] 
[INFO] <<< spring-boot-maven-plugin:2.2.0.RELEASE:run (default-cli) @ practica <<<
[INFO] 
[INFO] --- spring-boot-maven-plugin:2.2.0.RELEASE:run (default-cli) @ practica ---
[INFO] Attaching agents: []

  .   ____          _            __ _ _
 /\\ / ___'_ __ _ _(_)_ __  __ _ \ \ \ \
( ( )\___ | '_ | '_| | '_ \/ _` | \ \ \ \
 \\/  ___)| |_)| | | | | || (_| |  ) ) ) )
  '  |____| .__|_| |_|_| |_\__, | / / / /
 =========|_|==============|___/=/_/_/_/
 :: Spring Boot ::        (v2.2.0.RELEASE)

2020-01-17 14:30:09.963  INFO 29184 --- [           main] practica.PracticaApplication             : Starting PracticaApplication on netapr.internal.deva-os.vps.guru with PID 29184 (/var/www/html/practica/practica/target/classes started by root in /var/www/html/practica/practica)
2020-01-17 14:30:09.966  INFO 29184 --- [           main] practica.PracticaApplication             : No active profile set, falling back to default profiles: default
2020-01-17 14:30:11.175  INFO 29184 --- [           main] .s.d.r.c.RepositoryConfigurationDelegate : Multiple Spring Data modules found, entering strict repository configuration mode!
2020-01-17 14:30:11.176  INFO 29184 --- [           main] .s.d.r.c.RepositoryConfigurationDelegate : Bootstrapping Spring Data repositories in DEFAULT mode.
2020-01-17 14:30:11.264  INFO 29184 --- [           main] .RepositoryConfigurationExtensionSupport : Spring Data JPA - Could not safely identify store assignment for repository candidate interface practica.modelo.DAO.DatosDAO.
2020-01-17 14:30:11.321  INFO 29184 --- [           main] .s.d.r.c.RepositoryConfigurationDelegate : Finished Spring Data repository scanning in 132ms. Found 1 repository interfaces.
2020-01-17 14:30:11.381  INFO 29184 --- [           main] .s.d.r.c.RepositoryConfigurationDelegate : Multiple Spring Data modules found, entering strict repository configuration mode!
2020-01-17 14:30:11.384  INFO 29184 --- [           main] .s.d.r.c.RepositoryConfigurationDelegate : Bootstrapping Spring Data repositories in DEFAULT mode.
2020-01-17 14:30:11.396  INFO 29184 --- [           main] .RepositoryConfigurationExtensionSupport : Spring Data MongoDB - Could not safely identify store assignment for repository candidate interface practica.modelo.DAO.UsuarioDAO.
2020-01-17 14:30:11.400  INFO 29184 --- [           main] .s.d.r.c.RepositoryConfigurationDelegate : Finished Spring Data repository scanning in 15ms. Found 1 repository interfaces.
2020-01-17 14:30:12.010  INFO 29184 --- [           main] trationDelegate$BeanPostProcessorChecker : Bean 'org.springframework.transaction.annotation.ProxyTransactionManagementConfiguration' of type [org.springframework.transaction.annotation.ProxyTransactionManagementConfiguration] is not eligible for getting processed by all BeanPostProcessors (for example: not eligible for auto-proxying)
2020-01-17 14:30:12.429  INFO 29184 --- [           main] o.s.b.w.embedded.tomcat.TomcatWebServer  : Tomcat initialized with port(s): 80 (http)
2020-01-17 14:30:12.445  INFO 29184 --- [           main] o.apache.catalina.core.StandardService   : Starting service [Tomcat]
2020-01-17 14:30:12.446  INFO 29184 --- [           main] org.apache.catalina.core.StandardEngine  : Starting Servlet engine: [Apache Tomcat/9.0.27]
2020-01-17 14:30:12.574  INFO 29184 --- [           main] o.a.c.c.C.[Tomcat].[localhost].[/]       : Initializing Spring embedded WebApplicationContext
2020-01-17 14:30:12.574  INFO 29184 --- [           main] o.s.web.context.ContextLoader            : Root WebApplicationContext: initialization completed in 2528 ms
2020-01-17 14:30:12.973  INFO 29184 --- [           main] o.hibernate.jpa.internal.util.LogHelper  : HHH000204: Processing PersistenceUnitInfo [name: default]
2020-01-17 14:30:13.113  INFO 29184 --- [           main] org.hibernate.Version                    : HHH000412: Hibernate Core {5.4.10.Final}
2020-01-17 14:30:13.275  INFO 29184 --- [           main] o.hibernate.annotations.common.Version   : HCANN000001: Hibernate Commons Annotations {5.1.0.Final}
2020-01-17 14:30:13.394  INFO 29184 --- [           main] com.zaxxer.hikari.HikariDataSource       : HikariPool-1 - Starting...
2020-01-17 14:30:13.574  INFO 29184 --- [           main] com.zaxxer.hikari.HikariDataSource       : HikariPool-1 - Start completed.
2020-01-17 14:30:13.588  INFO 29184 --- [           main] org.hibernate.dialect.Dialect            : HHH000400: Using dialect: org.hibernate.dialect.MySQL5Dialect
Hibernate: drop table if exists usuarios
Hibernate: create table usuarios (id bigint not null auto_increment, clave varchar(255), email varchar(255), primary key (id)) engine=MyISAM
2020-01-17 14:30:14.585  INFO 29184 --- [           main] o.h.e.t.j.p.i.JtaPlatformInitiator       : HHH000490: Using JtaPlatform implementation: [org.hibernate.engine.transaction.jta.platform.internal.NoJtaPlatform]
2020-01-17 14:30:14.593  INFO 29184 --- [           main] j.LocalContainerEntityManagerFactoryBean : Initialized JPA EntityManagerFactory for persistence unit 'default'
2020-01-17 14:30:15.438  INFO 29184 --- [           main] org.mongodb.driver.cluster               : Cluster created with settings {hosts=[localhost:27017], mode=SINGLE, requiredClusterType=UNKNOWN, serverSelectionTimeout='30000 ms', maxWaitQueueSize=500}
2020-01-17 14:30:15.570  INFO 29184 --- [localhost:27017] org.mongodb.driver.connection            : Opened connection [connectionId{localValue:1, serverValue:44}] to localhost:27017
2020-01-17 14:30:15.573  INFO 29184 --- [localhost:27017] org.mongodb.driver.cluster               : Monitor thread successfully connected to server with description ServerDescription{address=localhost:27017, type=STANDALONE, state=CONNECTED, ok=true, version=ServerVersion{versionList=[2, 6, 12]}, minWireVersion=0, maxWireVersion=2, maxDocumentSize=16777216, logicalSessionTimeoutMinutes=null, roundTripTimeNanos=1938773}
2020-01-17 14:30:15.630  WARN 29184 --- [           main] o.s.data.convert.CustomConversions       : Registering converter from class java.time.LocalDateTime to class java.time.Instant as reading converter although it doesn't convert from a store-supported type! You might wanna check you annotation setup at the converter implementation.
2020-01-17 14:30:15.631  WARN 29184 --- [           main] o.s.data.convert.CustomConversions       : Registering converter from class java.time.Instant to class java.time.LocalDateTime as reading converter although it doesn't convert from a store-supported type! You might wanna check you annotation setup at the converter implementation.
2020-01-17 14:30:15.651  WARN 29184 --- [           main] o.s.data.convert.CustomConversions       : Registering converter from class java.time.LocalDateTime to class java.time.Instant as reading converter although it doesn't convert from a store-supported type! You might wanna check you annotation setup at the converter implementation.
2020-01-17 14:30:15.651  WARN 29184 --- [           main] o.s.data.convert.CustomConversions       : Registering converter from class java.time.Instant to class java.time.LocalDateTime as reading converter although it doesn't convert from a store-supported type! You might wanna check you annotation setup at the converter implementation.
2020-01-17 14:30:15.831  WARN 29184 --- [           main] JpaBaseConfiguration$JpaWebConfiguration : spring.jpa.open-in-view is enabled by default. Therefore, database queries may be performed during view rendering. Explicitly configure spring.jpa.open-in-view to disable this warning
2020-01-17 14:30:16.083  INFO 29184 --- [           main] o.s.s.web.DefaultSecurityFilterChain     : Creating filter chain: any request, [org.springframework.security.web.context.request.async.WebAsyncManagerIntegrationFilter@5a48d186, org.springframework.security.web.context.SecurityContextPersistenceFilter@3005623b, org.springframework.security.web.header.HeaderWriterFilter@25fd6d1e, org.springframework.security.web.authentication.logout.LogoutFilter@21b744ec, org.springframework.security.web.authentication.UsernamePasswordAuthenticationFilter@e07b4db, org.springframework.security.web.savedrequest.RequestCacheAwareFilter@5d27b4c1, org.springframework.security.web.servletapi.SecurityContextHolderAwareRequestFilter@467af68c, org.springframework.security.web.authentication.AnonymousAuthenticationFilter@521ba38f, org.springframework.security.web.session.SessionManagementFilter@c11332b, org.springframework.security.web.access.ExceptionTranslationFilter@45bd4753, org.springframework.security.web.access.intercept.FilterSecurityInterceptor@6b126187]
2020-01-17 14:30:16.291  INFO 29184 --- [           main] o.s.s.concurrent.ThreadPoolTaskExecutor  : Initializing ExecutorService 'applicationTaskExecutor'
2020-01-17 14:30:16.383  INFO 29184 --- [           main] o.s.b.a.w.s.WelcomePageHandlerMapping    : Adding welcome page template: index
2020-01-17 14:30:16.636  INFO 29184 --- [           main] o.s.b.w.embedded.tomcat.TomcatWebServer  : Tomcat started on port(s): 80 (http) with context path ''
2020-01-17 14:30:16.639  INFO 29184 --- [           main] practica.PracticaApplication             : Started PracticaApplication in 7.17 seconds (JVM running for 7.742)
Hibernate: insert into usuarios (clave, email) values (?, ?)
2020-01-17 14:30:36.453  INFO 29184 --- [extShutdownHook] o.s.s.concurrent.ThreadPoolTaskExecutor  : Shutting down ExecutorService 'applicationTaskExecutor'
2020-01-17 14:30:36.462  INFO 29184 --- [extShutdownHook] j.LocalContainerEntityManagerFactoryBean : Closing JPA EntityManagerFactory for persistence unit 'default'
2020-01-17 14:30:36.464  INFO 29184 --- [extShutdownHook] com.zaxxer.hikari.HikariDataSource       : HikariPool-1 - Shutdown initiated...
2020-01-17 14:30:36.476  INFO 29184 --- [extShutdownHook] com.zaxxer.hikari.HikariDataSource       : HikariPool-1 - Shutdown completed.
[INFO] ------------------------------------------------------------------------
[INFO] BUILD SUCCESS
[INFO] ------------------------------------------------------------------------
[INFO] Total time: 33.712s
[INFO] Finished at: Fri Jan 17 14:30:36 UTC 2020
[INFO] Final Memory: 20M/48M
[INFO] ------------------------------------------------------------------------
[INFO] Scanning for projects...
[WARNING] 
[WARNING] Some problems were encountered while building the effective model for com.example:practica:jar:0.0.1-SNAPSHOT
[WARNING] 'dependencyManagement.dependencies.dependency.exclusions.exclusion.artifactId' for org.quartz-scheduler:quartz:jar with value '*' does not match a valid id pattern. @ org.springframework.boot:spring-boot-dependencies:2.2.0.RELEASE, /root/.m2/repository/org/springframework/boot/spring-boot-dependencies/2.2.0.RELEASE/spring-boot-dependencies-2.2.0.RELEASE.pom, line 2753, column 25
[WARNING] 
[WARNING] It is highly recommended to fix these problems because they threaten the stability of your build.
[WARNING] 
[WARNING] For this reason, future Maven versions might no longer support building such malformed projects.
[WARNING] 
[INFO]                                                                         
[INFO] ------------------------------------------------------------------------
[INFO] Building practica 0.0.1-SNAPSHOT
[INFO] ------------------------------------------------------------------------
[INFO] 
[INFO] >>> spring-boot-maven-plugin:2.2.0.RELEASE:run (default-cli) @ practica >>>
[INFO] 
[INFO] --- maven-resources-plugin:3.1.0:resources (default-resources) @ practica ---
[INFO] Using 'UTF-8' encoding to copy filtered resources.
[INFO] Copying 1 resource
[INFO] Copying 290 resources
[INFO] 
[INFO] --- maven-compiler-plugin:3.8.1:compile (default-compile) @ practica ---
[INFO] Nothing to compile - all classes are up to date
[INFO] 
[INFO] --- maven-resources-plugin:3.1.0:testResources (default-testResources) @ practica ---
[INFO] Using 'UTF-8' encoding to copy filtered resources.
[INFO] skip non existing resourceDirectory /var/www/html/practica/practica/src/test/resources
[INFO] 
[INFO] --- maven-compiler-plugin:3.8.1:testCompile (default-testCompile) @ practica ---
[INFO] Nothing to compile - all classes are up to date
[INFO] 
[INFO] <<< spring-boot-maven-plugin:2.2.0.RELEASE:run (default-cli) @ practica <<<
[INFO] 
[INFO] --- spring-boot-maven-plugin:2.2.0.RELEASE:run (default-cli) @ practica ---
[INFO] Attaching agents: []

  .   ____          _            __ _ _
 /\\ / ___'_ __ _ _(_)_ __  __ _ \ \ \ \
( ( )\___ | '_ | '_| | '_ \/ _` | \ \ \ \
 \\/  ___)| |_)| | | | | || (_| |  ) ) ) )
  '  |____| .__|_| |_|_| |_\__, | / / / /
 =========|_|==============|___/=/_/_/_/
 :: Spring Boot ::        (v2.2.0.RELEASE)

2020-01-17 14:31:08.900  INFO 29249 --- [           main] practica.PracticaApplication             : Starting PracticaApplication on netapr.internal.deva-os.vps.guru with PID 29249 (/var/www/html/practica/practica/target/classes started by root in /var/www/html/practica/practica)
2020-01-17 14:31:08.908  INFO 29249 --- [           main] practica.PracticaApplication             : No active profile set, falling back to default profiles: default
2020-01-17 14:31:10.013  INFO 29249 --- [           main] .s.d.r.c.RepositoryConfigurationDelegate : Multiple Spring Data modules found, entering strict repository configuration mode!
2020-01-17 14:31:10.013  INFO 29249 --- [           main] .s.d.r.c.RepositoryConfigurationDelegate : Bootstrapping Spring Data repositories in DEFAULT mode.
2020-01-17 14:31:10.090  INFO 29249 --- [           main] .RepositoryConfigurationExtensionSupport : Spring Data JPA - Could not safely identify store assignment for repository candidate interface practica.modelo.DAO.DatosDAO.
2020-01-17 14:31:10.134  INFO 29249 --- [           main] .s.d.r.c.RepositoryConfigurationDelegate : Finished Spring Data repository scanning in 111ms. Found 1 repository interfaces.
2020-01-17 14:31:10.194  INFO 29249 --- [           main] .s.d.r.c.RepositoryConfigurationDelegate : Multiple Spring Data modules found, entering strict repository configuration mode!
2020-01-17 14:31:10.194  INFO 29249 --- [           main] .s.d.r.c.RepositoryConfigurationDelegate : Bootstrapping Spring Data repositories in DEFAULT mode.
2020-01-17 14:31:10.202  INFO 29249 --- [           main] .RepositoryConfigurationExtensionSupport : Spring Data MongoDB - Could not safely identify store assignment for repository candidate interface practica.modelo.DAO.UsuarioDAO.
2020-01-17 14:31:10.208  INFO 29249 --- [           main] .s.d.r.c.RepositoryConfigurationDelegate : Finished Spring Data repository scanning in 13ms. Found 1 repository interfaces.
2020-01-17 14:31:10.779  INFO 29249 --- [           main] trationDelegate$BeanPostProcessorChecker : Bean 'org.springframework.transaction.annotation.ProxyTransactionManagementConfiguration' of type [org.springframework.transaction.annotation.ProxyTransactionManagementConfiguration] is not eligible for getting processed by all BeanPostProcessors (for example: not eligible for auto-proxying)
2020-01-17 14:31:11.148  INFO 29249 --- [           main] o.s.b.w.embedded.tomcat.TomcatWebServer  : Tomcat initialized with port(s): 80 (http)
2020-01-17 14:31:11.161  INFO 29249 --- [           main] o.apache.catalina.core.StandardService   : Starting service [Tomcat]
2020-01-17 14:31:11.162  INFO 29249 --- [           main] org.apache.catalina.core.StandardEngine  : Starting Servlet engine: [Apache Tomcat/9.0.27]
2020-01-17 14:31:11.265  INFO 29249 --- [           main] o.a.c.c.C.[Tomcat].[localhost].[/]       : Initializing Spring embedded WebApplicationContext
2020-01-17 14:31:11.270  INFO 29249 --- [           main] o.s.web.context.ContextLoader            : Root WebApplicationContext: initialization completed in 2275 ms
2020-01-17 14:31:11.670  INFO 29249 --- [           main] o.hibernate.jpa.internal.util.LogHelper  : HHH000204: Processing PersistenceUnitInfo [name: default]
2020-01-17 14:31:11.809  INFO 29249 --- [           main] org.hibernate.Version                    : HHH000412: Hibernate Core {5.4.10.Final}
2020-01-17 14:31:11.960  INFO 29249 --- [           main] o.hibernate.annotations.common.Version   : HCANN000001: Hibernate Commons Annotations {5.1.0.Final}
2020-01-17 14:31:12.073  INFO 29249 --- [           main] com.zaxxer.hikari.HikariDataSource       : HikariPool-1 - Starting...
2020-01-17 14:31:12.241  INFO 29249 --- [           main] com.zaxxer.hikari.HikariDataSource       : HikariPool-1 - Start completed.
2020-01-17 14:31:12.264  INFO 29249 --- [           main] org.hibernate.dialect.Dialect            : HHH000400: Using dialect: org.hibernate.dialect.MySQL5Dialect
Hibernate: drop table if exists usuarios
Hibernate: create table usuarios (id bigint not null auto_increment, clave varchar(255), email varchar(255), primary key (id)) engine=MyISAM
2020-01-17 14:31:13.194  INFO 29249 --- [           main] o.h.e.t.j.p.i.JtaPlatformInitiator       : HHH000490: Using JtaPlatform implementation: [org.hibernate.engine.transaction.jta.platform.internal.NoJtaPlatform]
2020-01-17 14:31:13.203  INFO 29249 --- [           main] j.LocalContainerEntityManagerFactoryBean : Initialized JPA EntityManagerFactory for persistence unit 'default'
2020-01-17 14:31:14.093  INFO 29249 --- [           main] org.mongodb.driver.cluster               : Cluster created with settings {hosts=[localhost:27017], mode=SINGLE, requiredClusterType=UNKNOWN, serverSelectionTimeout='30000 ms', maxWaitQueueSize=500}
2020-01-17 14:31:14.220  INFO 29249 --- [localhost:27017] org.mongodb.driver.connection            : Opened connection [connectionId{localValue:1, serverValue:45}] to localhost:27017
2020-01-17 14:31:14.223  INFO 29249 --- [localhost:27017] org.mongodb.driver.cluster               : Monitor thread successfully connected to server with description ServerDescription{address=localhost:27017, type=STANDALONE, state=CONNECTED, ok=true, version=ServerVersion{versionList=[2, 6, 12]}, minWireVersion=0, maxWireVersion=2, maxDocumentSize=16777216, logicalSessionTimeoutMinutes=null, roundTripTimeNanos=1988340}
2020-01-17 14:31:14.315  WARN 29249 --- [           main] o.s.data.convert.CustomConversions       : Registering converter from class java.time.LocalDateTime to class java.time.Instant as reading converter although it doesn't convert from a store-supported type! You might wanna check you annotation setup at the converter implementation.
2020-01-17 14:31:14.315  WARN 29249 --- [           main] o.s.data.convert.CustomConversions       : Registering converter from class java.time.Instant to class java.time.LocalDateTime as reading converter although it doesn't convert from a store-supported type! You might wanna check you annotation setup at the converter implementation.
2020-01-17 14:31:14.336  WARN 29249 --- [           main] o.s.data.convert.CustomConversions       : Registering converter from class java.time.LocalDateTime to class java.time.Instant as reading converter although it doesn't convert from a store-supported type! You might wanna check you annotation setup at the converter implementation.
2020-01-17 14:31:14.337  WARN 29249 --- [           main] o.s.data.convert.CustomConversions       : Registering converter from class java.time.Instant to class java.time.LocalDateTime as reading converter although it doesn't convert from a store-supported type! You might wanna check you annotation setup at the converter implementation.
2020-01-17 14:31:14.542  WARN 29249 --- [           main] JpaBaseConfiguration$JpaWebConfiguration : spring.jpa.open-in-view is enabled by default. Therefore, database queries may be performed during view rendering. Explicitly configure spring.jpa.open-in-view to disable this warning
2020-01-17 14:31:14.784  INFO 29249 --- [           main] o.s.s.web.DefaultSecurityFilterChain     : Creating filter chain: any request, [org.springframework.security.web.context.request.async.WebAsyncManagerIntegrationFilter@2086d469, org.springframework.security.web.context.SecurityContextPersistenceFilter@5d27b4c1, org.springframework.security.web.header.HeaderWriterFilter@c11332b, org.springframework.security.web.authentication.logout.LogoutFilter@7ea3839e, org.springframework.security.web.authentication.UsernamePasswordAuthenticationFilter@6be766d1, org.springframework.security.web.savedrequest.RequestCacheAwareFilter@4b508371, org.springframework.security.web.servletapi.SecurityContextHolderAwareRequestFilter@1d6f77d7, org.springframework.security.web.authentication.AnonymousAuthenticationFilter@b1d19ff, org.springframework.security.web.session.SessionManagementFilter@3005623b, org.springframework.security.web.access.ExceptionTranslationFilter@25fd6d1e, org.springframework.security.web.access.intercept.FilterSecurityInterceptor@5cffec7]
2020-01-17 14:31:15.011  INFO 29249 --- [           main] o.s.s.concurrent.ThreadPoolTaskExecutor  : Initializing ExecutorService 'applicationTaskExecutor'
2020-01-17 14:31:15.114  INFO 29249 --- [           main] o.s.b.a.w.s.WelcomePageHandlerMapping    : Adding welcome page template: index
2020-01-17 14:31:15.380  INFO 29249 --- [           main] o.s.b.w.embedded.tomcat.TomcatWebServer  : Tomcat started on port(s): 80 (http) with context path ''
2020-01-17 14:31:15.382  INFO 29249 --- [           main] practica.PracticaApplication             : Started PracticaApplication in 6.968 seconds (JVM running for 7.573)
Hibernate: insert into usuarios (clave, email) values (?, ?)
2020-01-17 14:31:19.806  INFO 29249 --- [p-nio-80-exec-1] o.a.c.c.C.[Tomcat].[localhost].[/]       : Initializing Spring DispatcherServlet 'dispatcherServlet'
2020-01-17 14:31:19.806  INFO 29249 --- [p-nio-80-exec-1] o.s.web.servlet.DispatcherServlet        : Initializing Servlet 'dispatcherServlet'
2020-01-17 14:31:19.817  INFO 29249 --- [p-nio-80-exec-1] o.s.web.servlet.DispatcherServlet        : Completed initialization in 10 ms
2020-01-17 15:05:07.242  INFO 29249 --- [p-nio-80-exec-9] o.apache.coyote.http11.Http11Processor   : Error parsing HTTP request header
 Note: further occurrences of HTTP request parsing errors will be logged at DEBUG level.

java.lang.IllegalArgumentException: Invalid character found in the request target. The valid characters are defined in RFC 7230 and RFC 3986
	at org.apache.coyote.http11.Http11InputBuffer.parseRequestLine(Http11InputBuffer.java:468) ~[tomcat-embed-core-9.0.27.jar:9.0.27]
	at org.apache.coyote.http11.Http11Processor.service(Http11Processor.java:292) ~[tomcat-embed-core-9.0.27.jar:9.0.27]
	at org.apache.coyote.AbstractProcessorLight.process(AbstractProcessorLight.java:66) [tomcat-embed-core-9.0.27.jar:9.0.27]
	at org.apache.coyote.AbstractProtocol$ConnectionHandler.process(AbstractProtocol.java:861) [tomcat-embed-core-9.0.27.jar:9.0.27]
	at org.apache.tomcat.util.net.NioEndpoint$SocketProcessor.doRun(NioEndpoint.java:1579) [tomcat-embed-core-9.0.27.jar:9.0.27]
	at org.apache.tomcat.util.net.SocketProcessorBase.run(SocketProcessorBase.java:49) [tomcat-embed-core-9.0.27.jar:9.0.27]
	at java.util.concurrent.ThreadPoolExecutor.runWorker(ThreadPoolExecutor.java:1149) [na:1.8.0_232]
	at java.util.concurrent.ThreadPoolExecutor$Worker.run(ThreadPoolExecutor.java:624) [na:1.8.0_232]
	at org.apache.tomcat.util.threads.TaskThread$WrappingRunnable.run(TaskThread.java:61) [tomcat-embed-core-9.0.27.jar:9.0.27]
	at java.lang.Thread.run(Thread.java:748) [na:1.8.0_232]

2020-01-17 18:29:24.066  WARN 29249 --- [p-nio-80-exec-1] .w.s.m.s.DefaultHandlerExceptionResolver : Resolved [org.springframework.web.HttpMediaTypeNotAcceptableException: Could not find acceptable representation]
Hibernate: select user0_.id as id1_0_, user0_.clave as clave2_0_, user0_.email as email3_0_ from usuarios user0_ where user0_.email=?
2020-01-17 19:19:56.861  WARN 29249 --- [p-nio-80-exec-5] o.a.c.util.SessionIdGeneratorBase        : Creation of SecureRandom instance for session ID generation using [SHA1PRNG] took [40,689] milliseconds.
2020-01-17 19:19:57.067  INFO 29249 --- [p-nio-80-exec-6] org.mongodb.driver.connection            : Opened connection [connectionId{localValue:2, serverValue:46}] to localhost:27017
Hibernate: select user0_.id as id1_0_, user0_.clave as clave2_0_, user0_.email as email3_0_ from usuarios user0_ where user0_.email=?
Hibernate: select user0_.id as id1_0_, user0_.clave as clave2_0_, user0_.email as email3_0_ from usuarios user0_ where user0_.email=?
Hibernate: select user0_.id as id1_0_, user0_.clave as clave2_0_, user0_.email as email3_0_ from usuarios user0_ where user0_.email=?
2020-01-18 00:48:20.185  INFO 29249 --- [p-nio-80-exec-6] o.apache.coyote.http11.Http11Processor   : Error parsing HTTP request header
 Note: further occurrences of HTTP request parsing errors will be logged at DEBUG level.

java.lang.IllegalArgumentException: Invalid character found in the request target. The valid characters are defined in RFC 7230 and RFC 3986
	at org.apache.coyote.http11.Http11InputBuffer.parseRequestLine(Http11InputBuffer.java:468) ~[tomcat-embed-core-9.0.27.jar:9.0.27]
	at org.apache.coyote.http11.Http11Processor.service(Http11Processor.java:292) ~[tomcat-embed-core-9.0.27.jar:9.0.27]
	at org.apache.coyote.AbstractProcessorLight.process(AbstractProcessorLight.java:66) [tomcat-embed-core-9.0.27.jar:9.0.27]
	at org.apache.coyote.AbstractProtocol$ConnectionHandler.process(AbstractProtocol.java:861) [tomcat-embed-core-9.0.27.jar:9.0.27]
	at org.apache.tomcat.util.net.NioEndpoint$SocketProcessor.doRun(NioEndpoint.java:1579) [tomcat-embed-core-9.0.27.jar:9.0.27]
	at org.apache.tomcat.util.net.SocketProcessorBase.run(SocketProcessorBase.java:49) [tomcat-embed-core-9.0.27.jar:9.0.27]
	at java.util.concurrent.ThreadPoolExecutor.runWorker(ThreadPoolExecutor.java:1149) [na:1.8.0_232]
	at java.util.concurrent.ThreadPoolExecutor$Worker.run(ThreadPoolExecutor.java:624) [na:1.8.0_232]
	at org.apache.tomcat.util.threads.TaskThread$WrappingRunnable.run(TaskThread.java:61) [tomcat-embed-core-9.0.27.jar:9.0.27]
	at java.lang.Thread.run(Thread.java:748) [na:1.8.0_232]

Hibernate: select user0_.id as id1_0_, user0_.clave as clave2_0_, user0_.email as email3_0_ from usuarios user0_ where user0_.email=?
